<?xml version="1.0" encoding="UTF-8"?>
<testng-results ignored="0" total="1" passed="1" failed="0" skipped="0">
  <reporter-output>
  </reporter-output>
  <suite started-at="2022-09-12T15:50:49 IST" name="Default suite" finished-at="2022-09-12T15:50:49 IST" duration-ms="40">
    <groups>
    </groups>
    <test started-at="2022-09-12T15:50:49 IST" name="Default test" finished-at="2022-09-12T15:50:49 IST" duration-ms="40">
      <class name="com.helloworld.Helloo">
        <test-method signature="helloWorld()[pri:0, instance:com.helloworld.Helloo@5136d012]" started-at="2022-09-12T15:50:49 IST" name="helloWorld" finished-at="2022-09-12T15:50:49 IST" duration-ms="9" status="PASS">
          <reporter-output>
          </reporter-output>
        </test-method> <!-- helloWorld -->
      </class> <!-- com.helloworld.Helloo -->
    </test> <!-- Default test -->
  </suite> <!-- Default suite -->
</testng-results>
